GL Vendor    : NVIDIA Corporation
GL Renderer  : GeForce GTX 1070/PCIe/SSE2
GL Version (string)  : 3.3.0 NVIDIA 396.54
GL Version (integer) : 3.3
GLSL Version : 3.30 NVIDIA via Cg compiler
Rendering time: 93 milliseconds
Rendering time: 91 milliseconds
Rendering time: 91 milliseconds
Rendering time: 92 milliseconds
Rendering time: 95 milliseconds
Rendering time: 95 milliseconds
Rendering time: 98 milliseconds
Rendering time: 99 milliseconds
Rendering time: 99 milliseconds
Rendering time: 100 milliseconds
Rendering time: 98 milliseconds
Rendering time: 97 milliseconds
Rendering time: 97 milliseconds
Rendering time: 99 milliseconds
Rendering time: 94 milliseconds
Rendering time: 93 milliseconds
Rendering time: 91 milliseconds
